<?xml version="1.0" encoding="UTF-8"?>
<testng-results ignored="0" total="4" passed="3" failed="1" skipped="0">
  <reporter-output>
  </reporter-output>
  <suite started-at="2022-05-01T22:42:20 PDT" name="Default suite" finished-at="2022-05-01T22:42:22 PDT" duration-ms="2022">
    <groups>
    </groups>
    <test started-at="2022-05-01T22:42:20 PDT" name="Default test" finished-at="2022-05-01T22:42:22 PDT" duration-ms="2022">
      <class name="studentApiTest.GetAPITests">
        <test-method is-config="true" signature="utilsTest()[pri:0, instance:studentApiTest.GetAPITests@20ce78ec]" started-at="2022-05-01T22:42:21 PDT" name="utilsTest" finished-at="2022-05-01T22:42:21 PDT" duration-ms="514" status="PASS">
          <reporter-output>
          </reporter-output>
        </test-method> <!-- utilsTest -->
        <test-method signature="bearerTokenAuthorizationHeader()[pri:0, instance:studentApiTest.GetAPITests@20ce78ec]" started-at="2022-05-01T22:42:21 PDT" name="bearerTokenAuthorizationHeader" finished-at="2022-05-01T22:42:21 PDT" duration-ms="379" status="PASS">
          <reporter-output>
          </reporter-output>
        </test-method> <!-- bearerTokenAuthorizationHeader -->
        <test-method signature="getAPITest()[pri:0, instance:studentApiTest.GetAPITests@20ce78ec]" started-at="2022-05-01T22:42:21 PDT" name="getAPITest" finished-at="2022-05-01T22:42:22 PDT" duration-ms="784" status="FAIL">
          <exception class="org.json.JSONException">
            <message>
              <![CDATA[A JSONArray text must start with '[' at 1 [character 2 line 1]]]>
            </message>
            <full-stacktrace>
              <![CDATA[org.json.JSONException: A JSONArray text must start with '[' at 1 [character 2 line 1]
at org.json.JSONTokener.syntaxError(JSONTokener.java:507)
at org.json.JSONArray.<init>(JSONArray.java:109)
at org.json.JSONArray.<init>(JSONArray.java:162)
at studentApiTest.GetAPITests.getAPITest(GetAPITests.java:49)
at java.base/jdk.internal.reflect.NativeMethodAccessorImpl.invoke0(Native Method)
at java.base/jdk.internal.reflect.NativeMethodAccessorImpl.invoke(NativeMethodAccessorImpl.java:77)
at java.base/jdk.internal.reflect.DelegatingMethodAccessorImpl.invoke(DelegatingMethodAccessorImpl.java:43)
at java.base/java.lang.reflect.Method.invoke(Method.java:568)
at org.testng.internal.MethodInvocationHelper.invokeMethod(MethodInvocationHelper.java:133)
at org.testng.internal.TestInvoker.invokeMethod(TestInvoker.java:598)
at org.testng.internal.TestInvoker.invokeTestMethod(TestInvoker.java:173)
at org.testng.internal.MethodRunner.runInSequence(MethodRunner.java:46)
at org.testng.internal.TestInvoker$MethodInvocationAgent.invoke(TestInvoker.java:824)
at org.testng.internal.TestInvoker.invokeTestMethods(TestInvoker.java:146)
at org.testng.internal.TestMethodWorker.invokeTestMethods(TestMethodWorker.java:146)
at org.testng.internal.TestMethodWorker.run(TestMethodWorker.java:128)
at java.base/java.util.ArrayList.forEach(ArrayList.java:1511)
at org.testng.TestRunner.privateRun(TestRunner.java:794)
at org.testng.TestRunner.run(TestRunner.java:596)
at org.testng.SuiteRunner.runTest(SuiteRunner.java:377)
at org.testng.SuiteRunner.runSequentially(SuiteRunner.java:371)
at org.testng.SuiteRunner.privateRun(SuiteRunner.java:332)
at org.testng.SuiteRunner.run(SuiteRunner.java:276)
at org.testng.SuiteRunnerWorker.runSuite(SuiteRunnerWorker.java:53)
at org.testng.SuiteRunnerWorker.run(SuiteRunnerWorker.java:96)
at org.testng.TestNG.runSuitesSequentially(TestNG.java:1212)
at org.testng.TestNG.runSuitesLocally(TestNG.java:1134)
at org.testng.TestNG.runSuites(TestNG.java:1063)
at org.testng.TestNG.run(TestNG.java:1031)
at org.testng.remote.AbstractRemoteTestNG.run(AbstractRemoteTestNG.java:115)
at org.testng.remote.RemoteTestNG.initAndRun(RemoteTestNG.java:251)
at org.testng.remote.RemoteTestNG.main(RemoteTestNG.java:77)
]]>
            </full-stacktrace>
          </exception> <!-- org.json.JSONException -->
          <reporter-output>
          </reporter-output>
        </test-method> <!-- getAPITest -->
        <test-method signature="getAPITest1()[pri:0, instance:studentApiTest.GetAPITests@20ce78ec]" started-at="2022-05-01T22:42:22 PDT" name="getAPITest1" finished-at="2022-05-01T22:42:22 PDT" duration-ms="59" status="PASS">
          <reporter-output>
          </reporter-output>
        </test-method> <!-- getAPITest1 -->
        <test-method signature="printResponseinArrayAndJsonObject()[pri:0, instance:studentApiTest.GetAPITests@20ce78ec]" started-at="2022-05-01T22:42:22 PDT" name="printResponseinArrayAndJsonObject" finished-at="2022-05-01T22:42:22 PDT" duration-ms="46" status="PASS">
          <reporter-output>
          </reporter-output>
        </test-method> <!-- printResponseinArrayAndJsonObject -->
      </class> <!-- studentApiTest.GetAPITests -->
    </test> <!-- Default test -->
  </suite> <!-- Default suite -->
</testng-results>
